d:\master autosar\seatctrlapp_task6_solution\seatctrlapp\seatctrlapp\debug\vc143.pdb
d:\master autosar\seatctrlapp_task6_solution\seatctrlapp\seatctrlapp\debug\vc143.idb
d:\master autosar\seatctrlapp_task6_solution\seatctrlapp\seatctrlapp\debug\vfb.obj
d:\master autosar\seatctrlapp_task6_solution\seatctrlapp\seatctrlapp\debug\rte.obj
d:\master autosar\seatctrlapp_task6_solution\seatctrlapp\seatctrlapp\debug\spi.obj
d:\master autosar\seatctrlapp_task6_solution\seatctrlapp\seatctrlapp\debug\os.obj
d:\master autosar\seatctrlapp_task6_solution\seatctrlapp\seatctrlapp\debug\dio.obj
d:\master autosar\seatctrlapp_task6_solution\seatctrlapp\seatctrlapp\debug\com.obj
d:\master autosar\seatctrlapp_task6_solution\seatctrlapp\seatctrlapp\debug\adc.obj
d:\master autosar\seatctrlapp_task6_solution\seatctrlapp\seatctrlapp\debug\weightsensor.obj
d:\master autosar\seatctrlapp_task6_solution\seatctrlapp\seatctrlapp\debug\slidesensor.obj
d:\master autosar\seatctrlapp_task6_solution\seatctrlapp\seatctrlapp\debug\slidemotor.obj
d:\master autosar\seatctrlapp_task6_solution\seatctrlapp\seatctrlapp\debug\iohwabs.obj
d:\master autosar\seatctrlapp_task6_solution\seatctrlapp\seatctrlapp\debug\inclinesensor.obj
d:\master autosar\seatctrlapp_task6_solution\seatctrlapp\seatctrlapp\debug\inclinemotor.obj
d:\master autosar\seatctrlapp_task6_solution\seatctrlapp\seatctrlapp\debug\heightsensor.obj
d:\master autosar\seatctrlapp_task6_solution\seatctrlapp\seatctrlapp\debug\heightmotor.obj
d:\master autosar\seatctrlapp_task6_solution\seatctrlapp\seatctrlapp\debug\seatmanager.obj
d:\master autosar\seatctrlapp_task6_solution\seatctrlapp\seatctrlapp\debug\hmi.obj
d:\master autosar\seatctrlapp_task6_solution\seatctrlapp\seatctrlapp\debug\main.obj
d:\master autosar\seatctrlapp_task6_solution\seatctrlapp\debug\seatctrlapp.pdb
d:\master autosar\seatctrlapp_task6_solution\seatctrlapp\seatctrlapp\debug\seatctrlapp.tlog\cl.command.1.tlog
d:\master autosar\seatctrlapp_task6_solution\seatctrlapp\seatctrlapp\debug\seatctrlapp.tlog\cl.read.1.tlog
d:\master autosar\seatctrlapp_task6_solution\seatctrlapp\seatctrlapp\debug\seatctrlapp.tlog\cl.write.1.tlog
d:\master autosar\seatctrlapp_task6_solution\seatctrlapp\seatctrlapp\debug\seatctrlapp.tlog\link-cvtres.read.1.tlog
d:\master autosar\seatctrlapp_task6_solution\seatctrlapp\seatctrlapp\debug\seatctrlapp.tlog\link-cvtres.write.1.tlog
d:\master autosar\seatctrlapp_task6_solution\seatctrlapp\seatctrlapp\debug\seatctrlapp.tlog\link-rc.read.1.tlog
d:\master autosar\seatctrlapp_task6_solution\seatctrlapp\seatctrlapp\debug\seatctrlapp.tlog\link-rc.write.1.tlog
d:\master autosar\seatctrlapp_task6_solution\seatctrlapp\seatctrlapp\debug\seatctrlapp.tlog\link.command.1.tlog
d:\master autosar\seatctrlapp_task6_solution\seatctrlapp\seatctrlapp\debug\seatctrlapp.tlog\link.read.1.tlog
d:\master autosar\seatctrlapp_task6_solution\seatctrlapp\seatctrlapp\debug\seatctrlapp.tlog\link.write.1.tlog
